<?xml version="1.0" encoding="utf-8"?><testsuites name="pytest tests"><testsuite name="pytest" errors="0" failures="0" skipped="0" tests="23" time="8.957" timestamp="2026-03-16T15:44:11.909052+00:00" hostname="agent-env-b96a8857-a565-4511-9256-d171c07ace90"><testcase classname="tests.test_auth.TestAuth" name="test_register_new_user" time="0.520" /><testcase classname="tests.test_auth.TestAuth" name="test_register_duplicate_email" time="0.071" /><testcase classname="tests.test_auth.TestAuth" name="test_login_success" time="0.292" /><testcase classname="tests.test_auth.TestAuth" name="test_login_invalid_credentials" time="0.308" /><testcase classname="tests.test_auth.TestAuth" name="test_get_current_user" time="0.364" /><testcase classname="tests.test_auth.TestAuth" name="test_get_current_user_no_token" time="0.067" /><testcase classname="tests.test_auth.TestAuth" name="test_get_current_user_invalid_token" time="0.082" /><testcase classname="tests.test_garden.TestGarden" name="test_save_plant_to_garden" time="0.630" /><testcase classname="tests.test_garden.TestGarden" name="test_get_all_garden_plants" time="0.358" /><testcase classname="tests.test_garden.TestGarden" name="test_get_single_plant" time="0.613" /><testcase classname="tests.test_garden.TestGarden" name="test_get_nonexistent_plant" time="0.352" /><testcase classname="tests.test_garden.TestGarden" name="test_water_plant" time="0.684" /><testcase classname="tests.test_garden.TestGarden" name="test_delete_plant" time="0.482" /><testcase classname="tests.test_garden.TestGarden" name="test_delete_nonexistent_plant" time="0.348" /><testcase classname="tests.test_health.TestHealth" name="test_health_endpoint" time="0.060" /><testcase classname="tests.test_health.TestHealth" name="test_root_endpoint" time="0.062" /><testcase classname="tests.test_reminders.TestReminders" name="test_create_reminder" time="0.669" /><testcase classname="tests.test_reminders.TestReminders" name="test_create_reminder_nonexistent_plant" time="0.347" /><testcase classname="tests.test_reminders.TestReminders" name="test_get_all_reminders" time="0.346" /><testcase classname="tests.test_reminders.TestReminders" name="test_update_reminder" time="0.742" /><testcase classname="tests.test_reminders.TestReminders" name="test_update_nonexistent_reminder" time="0.349" /><testcase classname="tests.test_reminders.TestReminders" name="test_delete_reminder" time="0.795" /><testcase classname="tests.test_reminders.TestReminders" name="test_delete_nonexistent_reminder" time="0.366" /></testsuite></testsuites>