<?xml version="1.0" encoding="utf-8"?><testsuites name="pytest tests"><testsuite name="pytest" errors="0" failures="0" skipped="2" tests="17" time="14.947" timestamp="2026-03-16T17:16:59.420210+00:00" hostname="agent-env-b96a8857-a565-4511-9256-d171c07ace90"><testcase classname="tests.test_greenplantai_features.TestRebranding" name="test_health_returns_greenplantai" time="0.231" /><testcase classname="tests.test_greenplantai_features.TestAIModels" name="test_get_models_returns_4_models" time="0.374" /><testcase classname="tests.test_greenplantai_features.TestAIModels" name="test_free_user_model_accessibility" time="0.361" /><testcase classname="tests.test_greenplantai_features.TestAIModels" name="test_premium_user_model_accessibility" time="0.338" /><testcase classname="tests.test_greenplantai_features.TestPremiumSubscription" name="test_premium_status_free_user" time="0.356" /><testcase classname="tests.test_greenplantai_features.TestPremiumSubscription" name="test_premium_status_premium_user" time="0.346" /><testcase classname="tests.test_greenplantai_features.TestPremiumSubscription" name="test_upgrade_to_monthly_premium" time="0.359" /><testcase classname="tests.test_greenplantai_features.TestPremiumSubscription" name="test_upgrade_to_yearly_premium" time="0.380" /><testcase classname="tests.test_greenplantai_features.TestPremiumSubscription" name="test_upgrade_invalid_plan" time="0.382" /><testcase classname="tests.test_greenplantai_features.TestChatModelSwitching" name="test_free_user_gpt4o_mini_works" time="2.726" /><testcase classname="tests.test_greenplantai_features.TestChatModelSwitching" name="test_free_user_claude_sonnet_45_blocked" time="0.462" /><testcase classname="tests.test_greenplantai_features.TestChatModelSwitching" name="test_free_user_claude_sonnet_4_blocked" time="0.092"><skipped type="pytest.skip" message="Free user creation failed">/app/backend/tests/test_greenplantai_features.py:190: Free user creation failed</skipped></testcase><testcase classname="tests.test_greenplantai_features.TestChatModelSwitching" name="test_premium_user_claude_sonnet_45_works" time="6.741" /><testcase classname="tests.test_greenplantai_features.TestChatModelSwitching" name="test_invalid_model_returns_400" time="0.078"><skipped type="pytest.skip" message="Free user creation failed">/app/backend/tests/test_greenplantai_features.py:224: Free user creation failed</skipped></testcase><testcase classname="tests.test_greenplantai_features.TestSecurity" name="test_security_status_endpoint" time="0.371" /><testcase classname="tests.test_greenplantai_features.TestRateLimiting" name="test_register_rate_limit" time="0.057" /><testcase classname="tests.test_greenplantai_features.TestRateLimiting" name="test_login_rate_limit" time="1.246" /></testsuite></testsuites>