<?xml version="1.0" encoding="utf-8"?><testsuites name="pytest tests"><testsuite name="pytest" errors="0" failures="0" skipped="0" tests="12" time="10.159" timestamp="2026-03-16T16:51:07.757730+00:00" hostname="agent-env-b96a8857-a565-4511-9256-d171c07ace90"><testcase classname="tests.test_care_and_chat.TestPlantCareUpdate" name="test_update_care_single_field" time="0.871" /><testcase classname="tests.test_care_and_chat.TestPlantCareUpdate" name="test_update_care_multiple_fields" time="0.774" /><testcase classname="tests.test_care_and_chat.TestPlantCareUpdate" name="test_update_care_repot_and_prune_cycles" time="0.522" /><testcase classname="tests.test_care_and_chat.TestPlantCareUpdate" name="test_update_care_invalid_plant" time="0.525" /><testcase classname="tests.test_care_and_chat.TestPlantCareUpdate" name="test_update_care_no_auth" time="0.143" /><testcase classname="tests.test_care_and_chat.TestPlantCareUpdate" name="test_update_care_empty_payload" time="0.530" /><testcase classname="tests.test_care_and_chat.TestAIBotanistChat" name="test_chat_send_message" time="1.962" /><testcase classname="tests.test_care_and_chat.TestAIBotanistChat" name="test_chat_with_history" time="1.936" /><testcase classname="tests.test_care_and_chat.TestAIBotanistChat" name="test_chat_history" time="2.036" /><testcase classname="tests.test_care_and_chat.TestAIBotanistChat" name="test_chat_invalid_plant" time="0.549" /><testcase classname="tests.test_care_and_chat.TestAIBotanistChat" name="test_chat_no_auth" time="0.125" /><testcase classname="tests.test_care_and_chat.TestAIBotanistChat" name="test_chat_history_no_auth" time="0.155" /></testsuite></testsuites>