<?xml version="1.0" encoding="utf-8"?><testsuites name="pytest tests"><testsuite name="pytest" errors="0" failures="0" skipped="1" tests="38" time="20.618" timestamp="2026-03-16T16:51:50.264486+00:00" hostname="agent-env-b96a8857-a565-4511-9256-d171c07ace90"><testcase classname="tests.test_auth.TestAuth" name="test_register_new_user" time="0.460" /><testcase classname="tests.test_auth.TestAuth" name="test_register_duplicate_email" time="0.073" /><testcase classname="tests.test_auth.TestAuth" name="test_login_success" time="0.295" /><testcase classname="tests.test_auth.TestAuth" name="test_login_invalid_credentials" time="0.294" /><testcase classname="tests.test_auth.TestAuth" name="test_get_current_user" time="0.359" /><testcase classname="tests.test_auth.TestAuth" name="test_get_current_user_no_token" time="0.067" /><testcase classname="tests.test_auth.TestAuth" name="test_get_current_user_invalid_token" time="0.383" /><testcase classname="tests.test_care_and_chat.TestPlantCareUpdate" name="test_update_care_single_field" time="0.680" /><testcase classname="tests.test_care_and_chat.TestPlantCareUpdate" name="test_update_care_multiple_fields" time="0.670" /><testcase classname="tests.test_care_and_chat.TestPlantCareUpdate" name="test_update_care_repot_and_prune_cycles" time="0.507" /><testcase classname="tests.test_care_and_chat.TestPlantCareUpdate" name="test_update_care_invalid_plant" time="0.541" /><testcase classname="tests.test_care_and_chat.TestPlantCareUpdate" name="test_update_care_no_auth" time="0.141" /><testcase classname="tests.test_care_and_chat.TestPlantCareUpdate" name="test_update_care_empty_payload" time="0.563" /><testcase classname="tests.test_care_and_chat.TestAIBotanistChat" name="test_chat_send_message" time="2.081" /><testcase classname="tests.test_care_and_chat.TestAIBotanistChat" name="test_chat_with_history" time="2.116" /><testcase classname="tests.test_care_and_chat.TestAIBotanistChat" name="test_chat_history" time="2.133" /><testcase classname="tests.test_care_and_chat.TestAIBotanistChat" name="test_chat_invalid_plant" time="0.547" /><testcase classname="tests.test_care_and_chat.TestAIBotanistChat" name="test_chat_no_auth" time="0.144" /><testcase classname="tests.test_care_and_chat.TestAIBotanistChat" name="test_chat_history_no_auth" time="0.153" /><testcase classname="tests.test_garden.TestGarden" name="test_save_plant_to_garden" time="0.641" /><testcase classname="tests.test_garden.TestGarden" name="test_get_all_garden_plants" time="0.362" /><testcase classname="tests.test_garden.TestGarden" name="test_get_single_plant" time="0.629" /><testcase classname="tests.test_garden.TestGarden" name="test_get_nonexistent_plant" time="0.388" /><testcase classname="tests.test_garden.TestGarden" name="test_water_plant" time="0.920" /><testcase classname="tests.test_garden.TestGarden" name="test_delete_plant" time="0.493" /><testcase classname="tests.test_garden.TestGarden" name="test_delete_nonexistent_plant" time="0.355" /><testcase classname="tests.test_health.TestHealth" name="test_health_endpoint" time="0.063" /><testcase classname="tests.test_health.TestHealth" name="test_root_endpoint" time="0.065" /><testcase classname="tests.test_plant_identification.TestPlantIdentification" name="test_identify_plant_with_sample_image" time="0.153"><skipped type="pytest.skip" message="Could not download sample plant image for testing">/app/backend/tests/test_plant_identification.py:18: Could not download sample plant image for testing</skipped></testcase><testcase classname="tests.test_plant_identification.TestPlantIdentification" name="test_identify_plant_requires_image" time="0.067" /><testcase classname="tests.test_plant_identification.TestPlantIdentification" name="test_identify_plant_invalid_base64" time="0.531" /><testcase classname="tests.test_reminders.TestReminders" name="test_create_reminder" time="0.694" /><testcase classname="tests.test_reminders.TestReminders" name="test_create_reminder_nonexistent_plant" time="0.364" /><testcase classname="tests.test_reminders.TestReminders" name="test_get_all_reminders" time="0.361" /><testcase classname="tests.test_reminders.TestReminders" name="test_update_reminder" time="0.774" /><testcase classname="tests.test_reminders.TestReminders" name="test_update_nonexistent_reminder" time="0.361" /><testcase classname="tests.test_reminders.TestReminders" name="test_delete_reminder" time="0.764" /><testcase classname="tests.test_reminders.TestReminders" name="test_delete_nonexistent_reminder" time="0.369" /></testsuite></testsuites>